17:56:04.388 [MainThread] INFO    thonny: Thonny version: 4.1.6
17:56:04.388 [MainThread] INFO    thonny: cwd: /home/uPiscium/Documents/University/B2-3rd/Ex1A/07
17:56:04.388 [MainThread] INFO    thonny: original argv: ['/usr/bin/python', '-s', '-u', '-B', '/usr/lib/python3.12/site-packages/thonny/plugins/rp2040/rp2040_back.py', "{'clean': True, 'port': '/dev/ttyACM0', 'dtr': None, 'rts': None, 'submit_mode': 'raw_paste', 'interrupt_on_connect': True, 'write_block_size': 64, 'write_block_delay': None, 'proxy_class': 'RaspberryPiPicoBackendProxy', 'sync_time': True, 'validate_time': False, 'local_rtc': True}"]
17:56:04.388 [MainThread] INFO    thonny: sys.executable: /usr/bin/python
17:56:04.388 [MainThread] INFO    thonny: sys.argv: ['/usr/lib/python3.12/site-packages/thonny/plugins/rp2040/rp2040_back.py', "{'clean': True, 'port': '/dev/ttyACM0', 'dtr': None, 'rts': None, 'submit_mode': 'raw_paste', 'interrupt_on_connect': True, 'write_block_size': 64, 'write_block_delay': None, 'proxy_class': 'RaspberryPiPicoBackendProxy', 'sync_time': True, 'validate_time': False, 'local_rtc': True}"]
17:56:04.388 [MainThread] INFO    thonny: sys.path: ['/usr/lib/python3.12/site-packages/thonny/plugins/rp2040', '/usr/lib/python312.zip', '/usr/lib/python3.12', '/usr/lib/python3.12/lib-dynload', '/usr/lib/python3.12/site-packages']
17:56:04.388 [MainThread] INFO    thonny: sys.flags: sys.flags(debug=0, inspect=0, interactive=0, optimize=0, dont_write_bytecode=1, no_user_site=1, no_site=0, ignore_environment=0, verbose=0, bytes_warning=0, quiet=0, hash_randomization=1, isolated=0, dev_mode=False, utf8_mode=0, warn_default_encoding=0, safe_path=False, int_max_str_digits=4300)
17:56:04.389 [MainThread] INFO    thonny.plugins.micropython.bare_metal_backend: Starting backend, args: {'clean': True, 'port': '/dev/ttyACM0', 'dtr': None, 'rts': None, 'submit_mode': 'raw_paste', 'interrupt_on_connect': True, 'write_block_size': 64, 'write_block_delay': None, 'proxy_class': 'RaspberryPiPicoBackendProxy', 'sync_time': True, 'validate_time': False, 'local_rtc': True}
17:56:04.389 [MainThread] INFO    thonny.plugins.micropython.bare_metal_backend: Initial submit_mode: raw_paste, write_block_size: 64, write_block_delay: 0, read_block_size: 0
17:56:04.390 [MainThread] INFO    thonny.plugins.micropython.mp_back: Initializing MicroPythonBackend of type RP2040Backend
17:56:04.390 [MainThread] INFO    thonny: TIME/MODS 0.039 before prepare (+75 modules)
17:56:04.390 [MainThread] INFO    thonny: NEW MODS ['__future__', '_bz2', '_compression', '_datetime', '_heapq', '_locale', '_lzma', '_posixsubprocess', '_queue', '_struct', '_tkinter', 'array', 'binascii', 'bz2', 'datetime', 'encodings.ascii', 'errno', 'faulthandler', 'fcntl', 'fnmatch', 'gettext', 'heapq', 'ipaddress', 'locale', 'lzma', 'math', 'ntpath', 'pathlib', 'platform', 'queue', 'select', 'selectors', 'serial', 'serial.serialposix', 'serial.serialutil', 'shlex', 'shutil', 'signal', 'struct', 'subprocess', 'termios', 'thonny.backend', 'thonny.base_file_browser', 'thonny.codeview', 'thonny.config_ui', 'thonny.editors', 'thonny.languages', 'thonny.misc_utils', 'thonny.plugins', 'thonny.plugins.backend_config_page', 'thonny.plugins.micropython', 'thonny.plugins.micropython.bare_metal_backend', 'thonny.plugins.micropython.connection', 'thonny.plugins.micropython.mp_back', 'thonny.plugins.micropython.mp_common', 'thonny.plugins.micropython.mp_front', 'thonny.plugins.micropython.serial_connection', 'thonny.plugins.micropython.webrepl_connection', 'thonny.roughparse', 'thonny.running', 'thonny.tktextext', 'thonny.ui_utils', 'thonny.workdlg', 'tkinter', 'tkinter.commondialog', 'tkinter.constants', 'tkinter.dialog', 'tkinter.filedialog', 'tkinter.font', 'tkinter.messagebox', 'tkinter.simpledialog', 'tkinter.ttk', 'urllib', 'urllib.parse', 'zlib']
17:56:04.390 [MainThread] INFO    thonny.plugins.micropython.mp_back: Sending interrupt
17:56:04.390 [MainThread] INFO    thonny.plugins.micropython.mp_back: Done sending interrupt
17:56:04.441 [MainThread] INFO    thonny: TIME/MODS 0.051 got welcome 
17:56:04.441 [MainThread] INFO    thonny: TIME/MODS 0.000 bef preparing helpers 
17:56:04.441 [MainThread] INFO    thonny.plugins.micropython.mp_back: Preparing helpers
17:56:04.441 [MainThread] INFO    thonny: TIME/MODS 0.000 befsubcode 
17:56:04.441 [MainThread] INFO    thonny.plugins.micropython.bare_metal_backend: Requesting raw mode at b'>>> '
17:56:04.442 [MainThread] INFO    thonny.plugins.micropython.bare_metal_backend: Discarding stdout: '\r\n'
17:56:04.452 [MainThread] INFO    thonny.plugins.micropython.bare_metal_backend: Discarding stdout: ''
17:56:04.452 [MainThread] INFO    thonny.plugins.micropython.bare_metal_backend: Entered raw prompt
17:56:04.502 [MainThread] INFO    thonny: TIME/MODS 0.061 affsubcode 
17:56:04.541 [MainThread] INFO    thonny: TIME/MODS 0.038 affforw 
17:56:04.541 [MainThread] INFO    thonny: TIME/MODS 0.000 prepared helpers 
17:56:04.541 [MainThread] INFO    thonny: TIME/MODS 0.000 befsubcode 
17:56:04.543 [MainThread] INFO    thonny: TIME/MODS 0.003 affsubcode 
17:56:04.556 [MainThread] INFO    thonny: TIME/MODS 0.013 affforw 
17:56:04.556 [MainThread] INFO    thonny: TIME/MODS 0.000 got cwd 
17:56:04.556 [MainThread] INFO    thonny: TIME/MODS 0.000 befsubcode 
17:56:04.559 [MainThread] INFO    thonny: TIME/MODS 0.003 affsubcode 
17:56:04.572 [MainThread] INFO    thonny: TIME/MODS 0.013 affforw 
17:56:04.572 [MainThread] INFO    thonny: TIME/MODS 0.000 prepared 
17:56:04.572 [MainThread] INFO    thonny.plugins.micropython.mp_back: Prepared
17:56:04.572 [MainThread] INFO    thonny: TIME/MODS 0.000 befsubcode 
17:56:04.575 [MainThread] INFO    thonny: TIME/MODS 0.003 affsubcode 
17:56:04.595 [MainThread] INFO    thonny: TIME/MODS 0.020 affforw 
17:56:04.595 [MainThread] INFO    thonny: TIME/MODS 0.000 befsubcode 
17:56:04.604 [MainThread] INFO    thonny: TIME/MODS 0.009 affsubcode 
17:56:04.640 [MainThread] INFO    thonny: TIME/MODS 0.035 affforw 
17:56:04.640 [MainThread] INFO    thonny: TIME/MODS 0.001 befsubcode 
17:56:04.654 [MainThread] INFO    thonny: TIME/MODS 0.014 affsubcode 
17:56:04.668 [MainThread] INFO    thonny: TIME/MODS 0.014 affforw 
17:56:04.669 [MainThread] INFO    thonny.backend: Loading Jedi
17:56:04.669 [MainThread] INFO    thonny: TIME/MODS 0.000 Before loading Jedi 
17:56:04.669 [MainThread] INFO    thonny.common: Using THONNY_FRONTEND_SYS_PATH ['/usr/bin', '/usr/lib/python312.zip', '/usr/lib/python3.12', '/usr/lib/python3.12/lib-dynload', '/usr/lib/python3.12/site-packages', '/home/uPiscium/.config/Thonny/plugins/lib/python3.12/site-packages']
17:56:04.737 [MainThread] INFO    thonny: TIME/MODS 0.069 After loading Jedi (+132 modules)
17:56:04.737 [MainThread] INFO    thonny: NEW MODS ['_blake2', '_compat_pickle', '_ctypes', '_hashlib', '_json', '_pickle', '_sysconfigdata__linux_x86_64-linux-gnu', 'colorama', 'colorama.ansi', 'colorama.ansitowin32', 'colorama.initialise', 'colorama.win32', 'colorama.winterm', 'ctypes', 'ctypes._endian', 'difflib', 'filecmp', 'gc', 'hashlib', 'importlib._abc', 'importlib.util', 'jedi', 'jedi._compatibility', 'jedi.api', 'jedi.api.classes', 'jedi.api.completion', 'jedi.api.completion_cache', 'jedi.api.environment', 'jedi.api.errors', 'jedi.api.exceptions', 'jedi.api.file_name', 'jedi.api.helpers', 'jedi.api.interpreter', 'jedi.api.keywords', 'jedi.api.project', 'jedi.api.refactoring', 'jedi.api.refactoring.extract', 'jedi.api.strings', 'jedi.cache', 'jedi.common', 'jedi.debug', 'jedi.file_io', 'jedi.inference', 'jedi.inference.analysis', 'jedi.inference.arguments', 'jedi.inference.base_value', 'jedi.inference.cache', 'jedi.inference.compiled', 'jedi.inference.compiled.access', 'jedi.inference.compiled.getattr_static', 'jedi.inference.compiled.mixed', 'jedi.inference.compiled.subprocess', 'jedi.inference.compiled.subprocess.functions', 'jedi.inference.compiled.value', 'jedi.inference.context', 'jedi.inference.docstring_utils', 'jedi.inference.docstrings', 'jedi.inference.filters', 'jedi.inference.flow_analysis', 'jedi.inference.gradual', 'jedi.inference.gradual.annotation', 'jedi.inference.gradual.base', 'jedi.inference.gradual.conversion', 'jedi.inference.gradual.generics', 'jedi.inference.gradual.stub_value', 'jedi.inference.gradual.type_var', 'jedi.inference.gradual.typeshed', 'jedi.inference.gradual.typing', 'jedi.inference.gradual.utils', 'jedi.inference.helpers', 'jedi.inference.imports', 'jedi.inference.lazy_value', 'jedi.inference.names', 'jedi.inference.param', 'jedi.inference.parser_cache', 'jedi.inference.recursion', 'jedi.inference.references', 'jedi.inference.signature', 'jedi.inference.syntax_tree', 'jedi.inference.sys_path', 'jedi.inference.utils', 'jedi.inference.value', 'jedi.inference.value.decorator', 'jedi.inference.value.dynamic_arrays', 'jedi.inference.value.function', 'jedi.inference.value.instance', 'jedi.inference.value.iterable', 'jedi.inference.value.klass', 'jedi.inference.value.module', 'jedi.inference.value.namespace', 'jedi.parser_utils', 'jedi.plugins', 'jedi.plugins.django', 'jedi.plugins.flask', 'jedi.plugins.pytest', 'jedi.plugins.registry', 'jedi.plugins.stdlib', 'jedi.settings', 'json', 'json.decoder', 'json.encoder', 'json.scanner', 'parso', 'parso._compatibility', 'parso.cache', 'parso.file_io', 'parso.grammar', 'parso.normalizer', 'parso.parser', 'parso.pgen2', 'parso.pgen2.generator', 'parso.pgen2.grammar_parser', 'parso.python', 'parso.python.diff', 'parso.python.errors', 'parso.python.parser', 'parso.python.pep8', 'parso.python.prefix', 'parso.python.token', 'parso.python.tokenize', 'parso.python.tree', 'parso.tree', 'parso.utils', 'pickle', 'pkgutil', 'pydoc', 'pydoc_data', 'pydoc_data.topics', 'sysconfig', 'zipfile', 'zipfile._path', 'zipfile._path.glob']
17:56:04.737 [MainThread] INFO    thonny: TIME/MODS 0.000 sent ready 
17:56:04.737 [MainThread] INFO    thonny: TIME/MODS 0.000 Beginning of mainloop 
17:56:04.738 [MainThread] INFO    thonny: TIME/MODS 0.000 before get_dirs_children_info 
17:56:04.738 [MainThread] INFO    thonny: TIME/MODS 0.000 befsubcode 
17:56:04.754 [MainThread] INFO    thonny: TIME/MODS 0.016 affsubcode 
17:56:04.831 [MainThread] INFO    thonny: TIME/MODS 0.077 affforw 
17:56:04.831 [MainThread] INFO    thonny: TIME/MODS 0.001 after get_dirs_children_info 
17:56:04.851 [MainThread] INFO    thonny: TIME/MODS 0.020 before get_globals 
17:56:04.852 [MainThread] INFO    thonny: TIME/MODS 0.000 befsubcode 
17:56:04.860 [MainThread] INFO    thonny: TIME/MODS 0.008 affsubcode 
17:56:04.876 [MainThread] INFO    thonny: TIME/MODS 0.016 affforw 
17:56:04.877 [MainThread] INFO    thonny: TIME/MODS 0.001 after get_globals 
